Compiling the C compiler identification source file "CMakeCCompilerId.c" failed.
Compiler: D:/Program Files (x86)/GNU Arm Embedded Toolchain/9 2020-q2-update/bin/arm-none-eabi-gcc.exe 
Build flags: 
Id flags:  

The output was:
1
d:/program files (x86)/gnu arm embedded toolchain/9 2020-q2-update/bin/../lib/gcc/arm-none-eabi/9.3.1/../../../../arm-none-eabi/bin/ld.exe: d:/program files (x86)/gnu arm embedded toolchain/9 2020-q2-update/bin/../lib/gcc/arm-none-eabi/9.3.1/../../../../arm-none-eabi/lib\libc.a(lib_a-exit.o): in function `exit':
exit.c:(.text.exit+0x2c): undefined reference to `_exit'
collect2.exe: error: ld returned 1 exit status


Compiling the CXX compiler identification source file "CMakeCXXCompilerId.cpp" failed.
Compiler: D:/Program Files (x86)/GNU Arm Embedded Toolchain/9 2020-q2-update/bin/arm-none-eabi-g++.exe 
Build flags: 
Id flags:  

The output was:
1
d:/program files (x86)/gnu arm embedded toolchain/9 2020-q2-update/bin/../lib/gcc/arm-none-eabi/9.3.1/../../../../arm-none-eabi/bin/ld.exe: d:/program files (x86)/gnu arm embedded toolchain/9 2020-q2-update/bin/../lib/gcc/arm-none-eabi/9.3.1/../../../../arm-none-eabi/lib\libc.a(lib_a-exit.o): in function `exit':
exit.c:(.text.exit+0x2c): undefined reference to `_exit'
collect2.exe: error: ld returned 1 exit status


Determining if the C compiler works failed with the following output:
Change Dir: D:/msys64/home/snail/hello_arm/cmake-build-debug/CMakeFiles/CMakeTmp

Run Build Command(s):D:/msys64/usr/bin/make.exe cmTC_df0ad/fast && /usr/bin/make  -f CMakeFiles\cmTC_df0ad.dir\build.make CMakeFiles/cmTC_df0ad.dir/build
' m T C _ d f 0 a d . d i r '   i s   n o t   r e c o g n i z e d   a s   a n   i n t e r n a l   o r   e x t e r n a l   c o m m a n d ,  
 o p e r a b l e   p r o g r a m   o r   b a t c h   f i l e .  
 make: *** [Makefile:140: cmTC_df0ad/fast] Error 1



Compiling the C compiler identification source file "CMakeCCompilerId.c" failed.
Compiler: D:/Program Files (x86)/GNU Arm Embedded Toolchain/9 2020-q2-update/bin/arm-none-eabi-gcc.exe 
Build flags: 
Id flags:  

The output was:
1
d:/program files (x86)/gnu arm embedded toolchain/9 2020-q2-update/bin/../lib/gcc/arm-none-eabi/9.3.1/../../../../arm-none-eabi/bin/ld.exe: d:/program files (x86)/gnu arm embedded toolchain/9 2020-q2-update/bin/../lib/gcc/arm-none-eabi/9.3.1/../../../../arm-none-eabi/lib\libc.a(lib_a-exit.o): in function `exit':
exit.c:(.text.exit+0x2c): undefined reference to `_exit'
collect2.exe: error: ld returned 1 exit status


Compiling the CXX compiler identification source file "CMakeCXXCompilerId.cpp" failed.
Compiler: D:/Program Files (x86)/GNU Arm Embedded Toolchain/9 2020-q2-update/bin/arm-none-eabi-g++.exe 
Build flags: 
Id flags:  

The output was:
1
d:/program files (x86)/gnu arm embedded toolchain/9 2020-q2-update/bin/../lib/gcc/arm-none-eabi/9.3.1/../../../../arm-none-eabi/bin/ld.exe: d:/program files (x86)/gnu arm embedded toolchain/9 2020-q2-update/bin/../lib/gcc/arm-none-eabi/9.3.1/../../../../arm-none-eabi/lib\libc.a(lib_a-exit.o): in function `exit':
exit.c:(.text.exit+0x2c): undefined reference to `_exit'
collect2.exe: error: ld returned 1 exit status


Determining if the C compiler works failed with the following output:
Change Dir: D:/msys64/home/snail/hello_arm/cmake-build-debug/CMakeFiles/CMakeTmp

Run Build Command(s):D:/msys64/usr/bin/make.exe cmTC_d517b/fast && /usr/bin/make  -f CMakeFiles\cmTC_d517b.dir\build.make CMakeFiles/cmTC_d517b.dir/build
' m T C _ d 5 1 7 b . d i r '   i s   n o t   r e c o g n i z e d   a s   a n   i n t e r n a l   o r   e x t e r n a l   c o m m a n d ,  
 o p e r a b l e   p r o g r a m   o r   b a t c h   f i l e .  
 make: *** [Makefile:140: cmTC_d517b/fast] Error 1



Compiling the C compiler identification source file "CMakeCCompilerId.c" failed.
Compiler: D:/Program Files (x86)/GNU Arm Embedded Toolchain/9 2020-q2-update/bin/arm-none-eabi-gcc.exe 
Build flags: 
Id flags:  

The output was:
1
d:/program files (x86)/gnu arm embedded toolchain/9 2020-q2-update/bin/../lib/gcc/arm-none-eabi/9.3.1/../../../../arm-none-eabi/bin/ld.exe: d:/program files (x86)/gnu arm embedded toolchain/9 2020-q2-update/bin/../lib/gcc/arm-none-eabi/9.3.1/../../../../arm-none-eabi/lib\libc.a(lib_a-exit.o): in function `exit':
exit.c:(.text.exit+0x2c): undefined reference to `_exit'
collect2.exe: error: ld returned 1 exit status


Compiling the CXX compiler identification source file "CMakeCXXCompilerId.cpp" failed.
Compiler: D:/Program Files (x86)/GNU Arm Embedded Toolchain/9 2020-q2-update/bin/arm-none-eabi-g++.exe 
Build flags: 
Id flags:  

The output was:
1
d:/program files (x86)/gnu arm embedded toolchain/9 2020-q2-update/bin/../lib/gcc/arm-none-eabi/9.3.1/../../../../arm-none-eabi/bin/ld.exe: d:/program files (x86)/gnu arm embedded toolchain/9 2020-q2-update/bin/../lib/gcc/arm-none-eabi/9.3.1/../../../../arm-none-eabi/lib\libc.a(lib_a-exit.o): in function `exit':
exit.c:(.text.exit+0x2c): undefined reference to `_exit'
collect2.exe: error: ld returned 1 exit status


Determining if the CXX compiler works failed with the following output:
Change Dir: D:/msys64/home/snail/hello_arm/cmake-build-debug/CMakeFiles/CMakeTmp

Run Build Command(s):D:/msys64/usr/bin/make.exe cmTC_15a63/fast && /usr/bin/make  -f CMakeFiles\cmTC_15a63.dir\build.make CMakeFiles/cmTC_15a63.dir/build
' m T C _ 1 5 a 6 3 . d i r '   i s   n o t   r e c o g n i z e d   a s   a n   i n t e r n a l   o r   e x t e r n a l   c o m m a n d ,  
 o p e r a b l e   p r o g r a m   o r   b a t c h   f i l e .  
 make: *** [Makefile:140: cmTC_15a63/fast] Error 1



Compiling the CXX compiler identification source file "CMakeCXXCompilerId.cpp" failed.
Compiler: D:/Program Files (x86)/GNU Arm Embedded Toolchain/9 2020-q2-update/bin/arm-none-eabi-g++.exe 
Build flags: 
Id flags:  

The output was:
1
d:/program files (x86)/gnu arm embedded toolchain/9 2020-q2-update/bin/../lib/gcc/arm-none-eabi/9.3.1/../../../../arm-none-eabi/bin/ld.exe: d:/program files (x86)/gnu arm embedded toolchain/9 2020-q2-update/bin/../lib/gcc/arm-none-eabi/9.3.1/../../../../arm-none-eabi/lib\libc.a(lib_a-exit.o): in function `exit':
exit.c:(.text.exit+0x2c): undefined reference to `_exit'
collect2.exe: error: ld returned 1 exit status


